[06-Jan-2026 01:21:44 UTC] PHP Warning:  Undefined array key "host" in /workspaces/ux221lab1/.wordpress/wp-includes/pluggable.php on line 1721
[06-Jan-2026 01:40:27 UTC] PHP Fatal error:  Out of memory (allocated 65273856 bytes) (tried to allocate 16384 bytes) in /workspaces/ux221lab1/.wordpress/wp-includes/class-wp-image-editor-gd.php on line 118
[06-Jan-2026 01:40:27 UTC] PHP Fatal error:  Out of memory (allocated 46137344 bytes) (tried to allocate 6558208 bytes) in /workspaces/ux221lab1/.wordpress/wp-includes/class-wp-image-editor-gd.php on line 102
[06-Jan-2026 01:40:28 UTC] PHP Fatal error:  Out of memory (allocated 37748736 bytes) (tried to allocate 6558208 bytes) in /workspaces/ux221lab1/.wordpress/wp-includes/class-wp-image-editor-gd.php on line 102
[06-Jan-2026 01:40:28 UTC] PHP Fatal error:  Out of memory (allocated 33554432 bytes) (tried to allocate 6558208 bytes) in /workspaces/ux221lab1/.wordpress/wp-includes/class-wp-image-editor-gd.php on line 102
[06-Jan-2026 01:40:28 UTC] PHP Fatal error:  Out of memory (allocated 31457280 bytes) (tried to allocate 6558208 bytes) in /workspaces/ux221lab1/.wordpress/wp-includes/class-wp-image-editor-gd.php on line 102
[06-Jan-2026 01:40:29 UTC] PHP Fatal error:  Out of memory (allocated 31457280 bytes) (tried to allocate 6558208 bytes) in /workspaces/ux221lab1/.wordpress/wp-includes/class-wp-image-editor-gd.php on line 102
[06-Jan-2026 01:40:29 UTC] PHP Fatal error:  Out of memory (allocated 31457280 bytes) (tried to allocate 65536 bytes) in /workspaces/ux221lab1/.wordpress/wp-admin/includes/post.php on line 862
[06-Jan-2026 01:40:29 UTC] PHP Fatal error:  Out of memory (allocated 31457280 bytes) (tried to allocate 65536 bytes) in Unknown on line 0
[06-Jan-2026 01:40:33 UTC] PHP Fatal error:  Out of memory (allocated 31457280 bytes) (tried to allocate 32768 bytes) in /workspaces/ux221lab1/.wordpress/wp-admin/includes/user.php on line 416
[06-Jan-2026 01:40:43 UTC] PHP Fatal error:  Out of memory (allocated 31457280 bytes) (tried to allocate 32768 bytes) in /workspaces/ux221lab1/.wordpress/wp-admin/includes/user.php on line 416
[06-Jan-2026 01:41:02 UTC] PHP Fatal error:  Out of memory (allocated 31457280 bytes) (tried to allocate 32768 bytes) in /workspaces/ux221lab1/.wordpress/wp-admin/includes/user.php on line 416
[06-Jan-2026 01:41:06 UTC] PHP Fatal error:  Out of memory (allocated 31457280 bytes) (tried to allocate 4096 bytes) in /workspaces/ux221lab1/.wordpress/wp-includes/class-wp-theme-json.php on line 1018
[06-Jan-2026 01:41:12 UTC] PHP Fatal error:  Out of memory (allocated 31457280 bytes) (tried to allocate 32768 bytes) in /workspaces/ux221lab1/.wordpress/wp-admin/includes/user.php on line 416
[06-Jan-2026 01:41:21 UTC] PHP Fatal error:  Out of memory (allocated 31457280 bytes) (tried to allocate 32768 bytes) in /workspaces/ux221lab1/.wordpress/wp-admin/includes/file.php on line 2455
[06-Jan-2026 01:41:22 UTC] PHP Fatal error:  Out of memory (allocated 31457280 bytes) (tried to allocate 32768 bytes) in /workspaces/ux221lab1/.wordpress/wp-admin/includes/user.php on line 416
[06-Jan-2026 01:41:32 UTC] PHP Fatal error:  Out of memory (allocated 31457280 bytes) (tried to allocate 32768 bytes) in /workspaces/ux221lab1/.wordpress/wp-admin/includes/user.php on line 416
[06-Jan-2026 01:41:42 UTC] PHP Fatal error:  Out of memory (allocated 31457280 bytes) (tried to allocate 32768 bytes) in /workspaces/ux221lab1/.wordpress/wp-admin/includes/user.php on line 416
[06-Jan-2026 01:41:49 UTC] PHP Fatal error:  Out of memory (allocated 31457280 bytes) (tried to allocate 32768 bytes) in /workspaces/ux221lab1/.wordpress/wp-admin/includes/user.php on line 416
[06-Jan-2026 01:41:52 UTC] PHP Fatal error:  Out of memory (allocated 31457280 bytes) (tried to allocate 32768 bytes) in /workspaces/ux221lab1/.wordpress/wp-admin/includes/user.php on line 416
[06-Jan-2026 01:42:02 UTC] PHP Fatal error:  Out of memory (allocated 31457280 bytes) (tried to allocate 32768 bytes) in /workspaces/ux221lab1/.wordpress/wp-admin/includes/user.php on line 416
[06-Jan-2026 01:42:02 UTC] PHP Fatal error:  Out of memory (allocated 31457280 bytes) (tried to allocate 32768 bytes) in /workspaces/ux221lab1/.wordpress/wp-admin/includes/user.php on line 416
[06-Jan-2026 01:42:05 UTC] PHP Fatal error:  Out of memory (allocated 31457280 bytes) (tried to allocate 32768 bytes) in /workspaces/ux221lab1/.wordpress/wp-admin/includes/user.php on line 416
[06-Jan-2026 01:42:06 UTC] PHP Fatal error:  Out of memory (allocated 31457280 bytes) (tried to allocate 32768 bytes) in /workspaces/ux221lab1/.wordpress/wp-admin/includes/user.php on line 416
[06-Jan-2026 01:42:08 UTC] PHP Fatal error:  Out of memory (allocated 31457280 bytes) (tried to allocate 32768 bytes) in /workspaces/ux221lab1/.wordpress/wp-admin/includes/user.php on line 416
[06-Jan-2026 01:42:10 UTC] PHP Fatal error:  Out of memory (allocated 31457280 bytes) (tried to allocate 32768 bytes) in /workspaces/ux221lab1/.wordpress/wp-admin/includes/user.php on line 416
[06-Jan-2026 01:42:12 UTC] PHP Fatal error:  Out of memory (allocated 31457280 bytes) (tried to allocate 32768 bytes) in /workspaces/ux221lab1/.wordpress/wp-admin/includes/user.php on line 416
[06-Jan-2026 01:42:18 UTC] PHP Fatal error:  Out of memory (allocated 31457280 bytes) (tried to allocate 32768 bytes) in /workspaces/ux221lab1/.wordpress/wp-admin/includes/user.php on line 1
[06-Jan-2026 01:42:18 UTC] PHP Fatal error:  Out of memory (allocated 31457280 bytes) (tried to allocate 32768 bytes) in /workspaces/ux221lab1/.wordpress/wp-admin/includes/user.php on line 416
[06-Jan-2026 01:42:22 UTC] PHP Fatal error:  Out of memory (allocated 31457280 bytes) (tried to allocate 32768 bytes) in /workspaces/ux221lab1/.wordpress/wp-admin/includes/user.php on line 416
[06-Jan-2026 01:42:32 UTC] PHP Fatal error:  Out of memory (allocated 31457280 bytes) (tried to allocate 32768 bytes) in /workspaces/ux221lab1/.wordpress/wp-admin/includes/user.php on line 416
[06-Jan-2026 01:42:42 UTC] PHP Fatal error:  Out of memory (allocated 31457280 bytes) (tried to allocate 32768 bytes) in /workspaces/ux221lab1/.wordpress/wp-admin/includes/user.php on line 416
[06-Jan-2026 01:43:13 UTC] PHP Fatal error:  Out of memory (allocated 31457280 bytes) (tried to allocate 32768 bytes) in /workspaces/ux221lab1/.wordpress/wp-admin/includes/user.php on line 1
[06-Jan-2026 01:43:14 UTC] PHP Fatal error:  Out of memory (allocated 31457280 bytes) (tried to allocate 32768 bytes) in /workspaces/ux221lab1/.wordpress/wp-admin/includes/user.php on line 416
[06-Jan-2026 01:43:14 UTC] PHP Fatal error:  Out of memory (allocated 31457280 bytes) (tried to allocate 32768 bytes) in /workspaces/ux221lab1/.wordpress/wp-admin/includes/user.php on line 416
[06-Jan-2026 01:43:24 UTC] PHP Fatal error:  Out of memory (allocated 31457280 bytes) (tried to allocate 32768 bytes) in /workspaces/ux221lab1/.wordpress/wp-admin/includes/user.php on line 416
[06-Jan-2026 01:43:34 UTC] PHP Fatal error:  Out of memory (allocated 31457280 bytes) (tried to allocate 32768 bytes) in /workspaces/ux221lab1/.wordpress/wp-admin/includes/user.php on line 416
[06-Jan-2026 01:44:05 UTC] PHP Fatal error:  Out of memory (allocated 31457280 bytes) (tried to allocate 32768 bytes) in /workspaces/ux221lab1/.wordpress/wp-admin/includes/user.php on line 416
[06-Jan-2026 01:44:13 UTC] PHP Fatal error:  Out of memory (allocated 31457280 bytes) (tried to allocate 32768 bytes) in /workspaces/ux221lab1/.wordpress/wp-admin/includes/user.php on line 1
[06-Jan-2026 01:44:13 UTC] PHP Fatal error:  Out of memory (allocated 31457280 bytes) (tried to allocate 32768 bytes) in /workspaces/ux221lab1/.wordpress/wp-admin/includes/user.php on line 416
[06-Jan-2026 01:44:15 UTC] PHP Fatal error:  Out of memory (allocated 31457280 bytes) (tried to allocate 32768 bytes) in /workspaces/ux221lab1/.wordpress/wp-admin/includes/user.php on line 416
[06-Jan-2026 01:44:25 UTC] PHP Fatal error:  Out of memory (allocated 31457280 bytes) (tried to allocate 32768 bytes) in /workspaces/ux221lab1/.wordpress/wp-admin/includes/user.php on line 416
[06-Jan-2026 01:44:35 UTC] PHP Fatal error:  Out of memory (allocated 31457280 bytes) (tried to allocate 32768 bytes) in /workspaces/ux221lab1/.wordpress/wp-admin/includes/user.php on line 416
